<?xml version="1.0" encoding="UTF-8"?>
<testng-results skipped="0" failed="0" total="2" passed="2">
  <reporter-output>
  </reporter-output>
  <suite name="Spicejet" duration-ms="71765" started-at="2019-04-28T16:17:59Z" finished-at="2019-04-28T16:19:11Z">
    <groups>
      <group name="cucumber">
        <method signature="AbstractTestNGCucumberTests.feature(cucumber.api.testng.CucumberFeatureWrapper)[pri:0, instance:com.cucumber.TestRunner.BookTicket@7c0e2abd]" name="feature" class="cucumber.api.testng.AbstractTestNGCucumberTests"/>
        <method signature="AbstractTestNGCucumberTests.feature(cucumber.api.testng.CucumberFeatureWrapper)[pri:0, instance:com.cucumber.TestRunner.RegistrationRunner@396a51ab]" name="feature" class="cucumber.api.testng.AbstractTestNGCucumberTests"/>
      </group> <!-- cucumber -->
    </groups>
    <test name="BookTick" duration-ms="36793" started-at="2019-04-28T16:17:59Z" finished-at="2019-04-28T16:18:36Z">
      <class name="com.cucumber.TestRunner.BookTicket">
        <test-method status="PASS" signature="setUpClass()[pri:0, instance:com.cucumber.TestRunner.BookTicket@7c0e2abd]" name="setUpClass" is-config="true" duration-ms="501" started-at="2019-04-28T21:47:59Z" finished-at="2019-04-28T21:47:59Z">
          <reporter-output>
          </reporter-output>
        </test-method> <!-- setUpClass -->
        <test-method status="PASS" signature="beforeclass()[pri:0, instance:com.cucumber.TestRunner.BookTicket@7c0e2abd]" name="beforeclass" is-config="true" duration-ms="22" started-at="2019-04-28T21:47:59Z" finished-at="2019-04-28T21:47:59Z">
          <reporter-output>
          </reporter-output>
        </test-method> <!-- beforeclass -->
        <test-method status="PASS" signature="feature(cucumber.api.testng.CucumberFeatureWrapper)[pri:0, instance:com.cucumber.TestRunner.BookTicket@7c0e2abd]" name="feature" duration-ms="35290" started-at="2019-04-28T21:47:59Z" description="Runs Cucumber Feature" data-provider="features" finished-at="2019-04-28T21:48:35Z">
          <params>
            <param index="0">
              <value>
                <![CDATA[Book your ticket]]>
              </value>
            </param>
          </params>
          <reporter-output>
          </reporter-output>
        </test-method> <!-- feature -->
        <test-method status="PASS" signature="testDownClass()[pri:0, instance:com.cucumber.TestRunner.BookTicket@7c0e2abd]" name="testDownClass" is-config="true" duration-ms="0" started-at="2019-04-28T21:48:35Z" finished-at="2019-04-28T21:48:35Z">
          <reporter-output>
          </reporter-output>
        </test-method> <!-- testDownClass -->
        <test-method status="PASS" signature="tearDownClass()[pri:0, instance:com.cucumber.TestRunner.BookTicket@7c0e2abd]" name="tearDownClass" is-config="true" duration-ms="860" started-at="2019-04-28T21:48:35Z" finished-at="2019-04-28T21:48:36Z">
          <reporter-output>
          </reporter-output>
        </test-method> <!-- tearDownClass -->
      </class> <!-- com.cucumber.TestRunner.BookTicket -->
    </test> <!-- BookTick -->
    <test name="Registration" duration-ms="34916" started-at="2019-04-28T16:18:36Z" finished-at="2019-04-28T16:19:11Z">
      <class name="com.cucumber.TestRunner.RegistrationRunner">
        <test-method status="PASS" signature="setUpClass()[pri:0, instance:com.cucumber.TestRunner.RegistrationRunner@396a51ab]" name="setUpClass" is-config="true" duration-ms="52" started-at="2019-04-28T21:48:36Z" finished-at="2019-04-28T21:48:36Z">
          <reporter-output>
          </reporter-output>
        </test-method> <!-- setUpClass -->
        <test-method status="PASS" signature="beforeclass()[pri:0, instance:com.cucumber.TestRunner.RegistrationRunner@396a51ab]" name="beforeclass" is-config="true" duration-ms="2" started-at="2019-04-28T21:48:36Z" finished-at="2019-04-28T21:48:36Z">
          <reporter-output>
          </reporter-output>
        </test-method> <!-- beforeclass -->
        <test-method status="PASS" signature="feature(cucumber.api.testng.CucumberFeatureWrapper)[pri:0, instance:com.cucumber.TestRunner.RegistrationRunner@396a51ab]" name="feature" duration-ms="34584" started-at="2019-04-28T21:48:36Z" description="Runs Cucumber Feature" data-provider="features" finished-at="2019-04-28T21:49:10Z">
          <params>
            <param index="0">
              <value>
                <![CDATA[Spicejet registration]]>
              </value>
            </param>
          </params>
          <reporter-output>
          </reporter-output>
        </test-method> <!-- feature -->
        <test-method status="PASS" signature="testDownClass()[pri:0, instance:com.cucumber.TestRunner.RegistrationRunner@396a51ab]" name="testDownClass" is-config="true" duration-ms="0" started-at="2019-04-28T21:49:10Z" finished-at="2019-04-28T21:49:10Z">
          <reporter-output>
          </reporter-output>
        </test-method> <!-- testDownClass -->
        <test-method status="PASS" signature="tearDownClass()[pri:0, instance:com.cucumber.TestRunner.RegistrationRunner@396a51ab]" name="tearDownClass" is-config="true" duration-ms="254" started-at="2019-04-28T21:49:10Z" finished-at="2019-04-28T21:49:11Z">
          <reporter-output>
          </reporter-output>
        </test-method> <!-- tearDownClass -->
      </class> <!-- com.cucumber.TestRunner.RegistrationRunner -->
    </test> <!-- Registration -->
  </suite> <!-- Spicejet -->
</testng-results>
