<?xml version="1.0" encoding="UTF-8"?>
<testng-results skipped="0" failed="0" total="3" passed="3">
  <reporter-output>
  </reporter-output>
  <suite name="Spicejet" duration-ms="125460" started-at="2019-08-06T11:22:14Z" finished-at="2019-08-06T11:24:20Z">
    <groups>
      <group name="cucumber">
        <method signature="AbstractTestNGCucumberTests.feature(cucumber.api.testng.CucumberFeatureWrapper)[pri:0, instance:com.cucumber.TestRunner.LoginRunner@7c0e2abd]" name="feature" class="cucumber.api.testng.AbstractTestNGCucumberTests"/>
        <method signature="AbstractTestNGCucumberTests.feature(cucumber.api.testng.CucumberFeatureWrapper)[pri:0, instance:com.cucumber.TestRunner.BookTicketRunner@396a51ab]" name="feature" class="cucumber.api.testng.AbstractTestNGCucumberTests"/>
        <method signature="AbstractTestNGCucumberTests.feature(cucumber.api.testng.CucumberFeatureWrapper)[pri:0, instance:com.cucumber.TestRunner.RegistrationRunner@5419f379]" name="feature" class="cucumber.api.testng.AbstractTestNGCucumberTests"/>
      </group> <!-- cucumber -->
    </groups>
    <test name="LoginRunner" duration-ms="52038" started-at="2019-08-06T11:22:14Z" finished-at="2019-08-06T11:23:06Z">
      <class name="com.cucumber.TestRunner.LoginRunner">
        <test-method status="PASS" signature="setUpClass()[pri:0, instance:com.cucumber.TestRunner.LoginRunner@7c0e2abd]" name="setUpClass" is-config="true" duration-ms="668" started-at="2019-08-06T16:52:14Z" finished-at="2019-08-06T16:52:15Z">
          <reporter-output>
          </reporter-output>
        </test-method> <!-- setUpClass -->
        <test-method status="PASS" signature="beforeclass()[pri:0, instance:com.cucumber.TestRunner.LoginRunner@7c0e2abd]" name="beforeclass" is-config="true" duration-ms="131" started-at="2019-08-06T16:52:15Z" finished-at="2019-08-06T16:52:15Z">
          <reporter-output>
          </reporter-output>
        </test-method> <!-- beforeclass -->
        <test-method status="PASS" signature="feature(cucumber.api.testng.CucumberFeatureWrapper)[pri:0, instance:com.cucumber.TestRunner.LoginRunner@7c0e2abd]" name="feature" duration-ms="50281" started-at="2019-08-06T16:52:15Z" description="Runs Cucumber Feature" data-provider="features" finished-at="2019-08-06T16:53:06Z">
          <params>
            <param index="0">
              <value>
                <![CDATA[Login with Valid Credentials]]>
              </value>
            </param>
          </params>
          <reporter-output>
          </reporter-output>
        </test-method> <!-- feature -->
        <test-method status="PASS" signature="testDownClass()[pri:0, instance:com.cucumber.TestRunner.LoginRunner@7c0e2abd]" name="testDownClass" is-config="true" duration-ms="6" started-at="2019-08-06T16:53:06Z" finished-at="2019-08-06T16:53:06Z">
          <reporter-output>
          </reporter-output>
        </test-method> <!-- testDownClass -->
        <test-method status="PASS" signature="tearDownClass()[pri:0, instance:com.cucumber.TestRunner.LoginRunner@7c0e2abd]" name="tearDownClass" is-config="true" duration-ms="787" started-at="2019-08-06T16:53:06Z" finished-at="2019-08-06T16:53:06Z">
          <reporter-output>
          </reporter-output>
        </test-method> <!-- tearDownClass -->
      </class> <!-- com.cucumber.TestRunner.LoginRunner -->
    </test> <!-- LoginRunner -->
    <test name="BookTick" duration-ms="17397" started-at="2019-08-06T11:23:07Z" finished-at="2019-08-06T11:23:24Z">
      <class name="com.cucumber.TestRunner.BookTicketRunner">
        <test-method status="PASS" signature="setUpClass()[pri:0, instance:com.cucumber.TestRunner.BookTicketRunner@396a51ab]" name="setUpClass" is-config="true" duration-ms="66" started-at="2019-08-06T16:53:07Z" finished-at="2019-08-06T16:53:07Z">
          <reporter-output>
          </reporter-output>
        </test-method> <!-- setUpClass -->
        <test-method status="PASS" signature="beforeclass()[pri:0, instance:com.cucumber.TestRunner.BookTicketRunner@396a51ab]" name="beforeclass" is-config="true" duration-ms="25" started-at="2019-08-06T16:53:07Z" finished-at="2019-08-06T16:53:07Z">
          <reporter-output>
          </reporter-output>
        </test-method> <!-- beforeclass -->
        <test-method status="PASS" signature="feature(cucumber.api.testng.CucumberFeatureWrapper)[pri:0, instance:com.cucumber.TestRunner.BookTicketRunner@396a51ab]" name="feature" duration-ms="17170" started-at="2019-08-06T16:53:07Z" description="Runs Cucumber Feature" data-provider="features" finished-at="2019-08-06T16:53:24Z">
          <params>
            <param index="0">
              <value>
                <![CDATA[Book your ticket]]>
              </value>
            </param>
          </params>
          <reporter-output>
          </reporter-output>
        </test-method> <!-- feature -->
        <test-method status="PASS" signature="testDownClass()[pri:0, instance:com.cucumber.TestRunner.BookTicketRunner@396a51ab]" name="testDownClass" is-config="true" duration-ms="2" started-at="2019-08-06T16:53:24Z" finished-at="2019-08-06T16:53:24Z">
          <reporter-output>
          </reporter-output>
        </test-method> <!-- testDownClass -->
        <test-method status="PASS" signature="tearDownClass()[pri:0, instance:com.cucumber.TestRunner.BookTicketRunner@396a51ab]" name="tearDownClass" is-config="true" duration-ms="122" started-at="2019-08-06T16:53:24Z" finished-at="2019-08-06T16:53:24Z">
          <reporter-output>
          </reporter-output>
        </test-method> <!-- tearDownClass -->
      </class> <!-- com.cucumber.TestRunner.BookTicketRunner -->
    </test> <!-- BookTick -->
    <test name="Registration" duration-ms="55936" started-at="2019-08-06T11:23:24Z" finished-at="2019-08-06T11:24:20Z">
      <class name="com.cucumber.TestRunner.RegistrationRunner">
        <test-method status="PASS" signature="setUpClass()[pri:0, instance:com.cucumber.TestRunner.RegistrationRunner@5419f379]" name="setUpClass" is-config="true" duration-ms="36" started-at="2019-08-06T16:53:24Z" finished-at="2019-08-06T16:53:24Z">
          <reporter-output>
          </reporter-output>
        </test-method> <!-- setUpClass -->
        <test-method status="PASS" signature="beforeclass()[pri:0, instance:com.cucumber.TestRunner.RegistrationRunner@5419f379]" name="beforeclass" is-config="true" duration-ms="27" started-at="2019-08-06T16:53:24Z" finished-at="2019-08-06T16:53:24Z">
          <reporter-output>
          </reporter-output>
        </test-method> <!-- beforeclass -->
        <test-method status="PASS" signature="feature(cucumber.api.testng.CucumberFeatureWrapper)[pri:0, instance:com.cucumber.TestRunner.RegistrationRunner@5419f379]" name="feature" duration-ms="55710" started-at="2019-08-06T16:53:24Z" description="Runs Cucumber Feature" data-provider="features" finished-at="2019-08-06T16:54:20Z">
          <params>
            <param index="0">
              <value>
                <![CDATA[Spicejet registration]]>
              </value>
            </param>
          </params>
          <reporter-output>
          </reporter-output>
        </test-method> <!-- feature -->
        <test-method status="PASS" signature="testDownClass()[pri:0, instance:com.cucumber.TestRunner.RegistrationRunner@5419f379]" name="testDownClass" is-config="true" duration-ms="1" started-at="2019-08-06T16:54:20Z" finished-at="2019-08-06T16:54:20Z">
          <reporter-output>
          </reporter-output>
        </test-method> <!-- testDownClass -->
        <test-method status="PASS" signature="tearDownClass()[pri:0, instance:com.cucumber.TestRunner.RegistrationRunner@5419f379]" name="tearDownClass" is-config="true" duration-ms="154" started-at="2019-08-06T16:54:20Z" finished-at="2019-08-06T16:54:20Z">
          <reporter-output>
          </reporter-output>
        </test-method> <!-- tearDownClass -->
      </class> <!-- com.cucumber.TestRunner.RegistrationRunner -->
    </test> <!-- Registration -->
  </suite> <!-- Spicejet -->
</testng-results>
