<?xml version="1.0" encoding="UTF-8"?>
<testng-results skipped="0" failed="0" total="3" passed="3">
  <reporter-output>
    <line>
      <![CDATA[About to begin executing Suite Spicejet]]>
    </line>
    <line>
      <![CDATA[About to begin executing Test BookTick]]>
    </line>
    <line>
      <![CDATA[About to begin executing following method : AbstractTestNGCucumberTests.setUpClass]]>
    </line>
    <line>
      <![CDATA[Completed executing following method : AbstractTestNGCucumberTests.setUpClass]]>
    </line>
    <line>
      <![CDATA[About to begin executing following method : BookTicketRunner.beforeclass]]>
    </line>
    <line>
      <![CDATA[Completed executing following method : BookTicketRunner.beforeclass]]>
    </line>
    <line>
      <![CDATA[About to begin executing following method : AbstractTestNGCucumberTests.feature]]>
    </line>
    <line>
      <![CDATA[Completed executing following method : AbstractTestNGCucumberTests.feature]]>
    </line>
    <line>
      <![CDATA[Test Method resides in com.cucumber.TestRunner.BookTicketRunner]]>
    </line>
    <line>
      <![CDATA[Test Method had the following parameters : nullBook your ticket,]]>
    </line>
    <line>
      <![CDATA[Test Status: Pass]]>
    </line>
    <line>
      <![CDATA[About to begin executing following method : BookTicketRunner.testDownClass]]>
    </line>
    <line>
      <![CDATA[Completed executing following method : BookTicketRunner.testDownClass]]>
    </line>
    <line>
      <![CDATA[About to begin executing following method : AbstractTestNGCucumberTests.tearDownClass]]>
    </line>
    <line>
      <![CDATA[Completed executing following method : AbstractTestNGCucumberTests.tearDownClass]]>
    </line>
    <line>
      <![CDATA[Completed executing test BookTick]]>
    </line>
    <line>
      <![CDATA[About to begin executing Test Registration]]>
    </line>
    <line>
      <![CDATA[About to begin executing following method : AbstractTestNGCucumberTests.setUpClass]]>
    </line>
    <line>
      <![CDATA[Completed executing following method : AbstractTestNGCucumberTests.setUpClass]]>
    </line>
    <line>
      <![CDATA[About to begin executing following method : RegistrationRunner.beforeclass]]>
    </line>
    <line>
      <![CDATA[Completed executing following method : RegistrationRunner.beforeclass]]>
    </line>
    <line>
      <![CDATA[About to begin executing following method : AbstractTestNGCucumberTests.feature]]>
    </line>
    <line>
      <![CDATA[Completed executing following method : AbstractTestNGCucumberTests.feature]]>
    </line>
    <line>
      <![CDATA[Test Method resides in com.cucumber.TestRunner.RegistrationRunner]]>
    </line>
    <line>
      <![CDATA[Test Method had the following parameters : nullSpicejet registration,]]>
    </line>
    <line>
      <![CDATA[Test Status: Pass]]>
    </line>
    <line>
      <![CDATA[About to begin executing following method : RegistrationRunner.testDownClass]]>
    </line>
    <line>
      <![CDATA[Completed executing following method : RegistrationRunner.testDownClass]]>
    </line>
    <line>
      <![CDATA[About to begin executing following method : AbstractTestNGCucumberTests.tearDownClass]]>
    </line>
    <line>
      <![CDATA[Completed executing following method : AbstractTestNGCucumberTests.tearDownClass]]>
    </line>
    <line>
      <![CDATA[Completed executing test Registration]]>
    </line>
    <line>
      <![CDATA[About to begin executing Test LoginRunner]]>
    </line>
    <line>
      <![CDATA[About to begin executing following method : AbstractTestNGCucumberTests.setUpClass]]>
    </line>
    <line>
      <![CDATA[Completed executing following method : AbstractTestNGCucumberTests.setUpClass]]>
    </line>
    <line>
      <![CDATA[About to begin executing following method : LoginRunner.beforeclass]]>
    </line>
    <line>
      <![CDATA[Completed executing following method : LoginRunner.beforeclass]]>
    </line>
    <line>
      <![CDATA[About to begin executing following method : AbstractTestNGCucumberTests.feature]]>
    </line>
    <line>
      <![CDATA[Completed executing following method : AbstractTestNGCucumberTests.feature]]>
    </line>
    <line>
      <![CDATA[Test Method resides in com.cucumber.TestRunner.LoginRunner]]>
    </line>
    <line>
      <![CDATA[Test Method had the following parameters : nullLogin with Valid Credentials,]]>
    </line>
    <line>
      <![CDATA[Test Status: Pass]]>
    </line>
    <line>
      <![CDATA[About to begin executing following method : LoginRunner.testDownClass]]>
    </line>
    <line>
      <![CDATA[Completed executing following method : LoginRunner.testDownClass]]>
    </line>
    <line>
      <![CDATA[About to begin executing following method : AbstractTestNGCucumberTests.tearDownClass]]>
    </line>
    <line>
      <![CDATA[Completed executing following method : AbstractTestNGCucumberTests.tearDownClass]]>
    </line>
  </reporter-output>
  <suite name="Spicejet" duration-ms="150596" started-at="2019-06-10T12:58:26Z" finished-at="2019-06-10T13:00:56Z">
    <groups>
      <group name="cucumber">
        <method signature="AbstractTestNGCucumberTests.feature(cucumber.api.testng.CucumberFeatureWrapper)[pri:0, instance:com.cucumber.TestRunner.BookTicketRunner@c038203]" name="feature" class="cucumber.api.testng.AbstractTestNGCucumberTests"/>
        <method signature="AbstractTestNGCucumberTests.feature(cucumber.api.testng.CucumberFeatureWrapper)[pri:0, instance:com.cucumber.TestRunner.RegistrationRunner@ae45eb6]" name="feature" class="cucumber.api.testng.AbstractTestNGCucumberTests"/>
        <method signature="AbstractTestNGCucumberTests.feature(cucumber.api.testng.CucumberFeatureWrapper)[pri:0, instance:com.cucumber.TestRunner.LoginRunner@1e88b3c]" name="feature" class="cucumber.api.testng.AbstractTestNGCucumberTests"/>
      </group> <!-- cucumber -->
    </groups>
    <test name="BookTick" duration-ms="26287" started-at="2019-06-10T12:58:26Z" finished-at="2019-06-10T12:58:52Z">
      <class name="com.cucumber.TestRunner.BookTicketRunner">
        <test-method status="PASS" signature="setUpClass()[pri:0, instance:com.cucumber.TestRunner.BookTicketRunner@c038203]" name="setUpClass" is-config="true" duration-ms="531" started-at="2019-06-10T18:28:26Z" finished-at="2019-06-10T18:28:26Z">
          <reporter-output>
            <line>
              <![CDATA[Completed executing following method : AbstractTestNGCucumberTests.setUpClass]]>
            </line>
          </reporter-output>
        </test-method> <!-- setUpClass -->
        <test-method status="PASS" signature="beforeclass()[pri:0, instance:com.cucumber.TestRunner.BookTicketRunner@c038203]" name="beforeclass" is-config="true" duration-ms="110" started-at="2019-06-10T18:28:26Z" finished-at="2019-06-10T18:28:26Z">
          <reporter-output>
            <line>
              <![CDATA[Completed executing following method : BookTicketRunner.beforeclass]]>
            </line>
          </reporter-output>
        </test-method> <!-- beforeclass -->
        <test-method status="PASS" signature="feature(cucumber.api.testng.CucumberFeatureWrapper)[pri:0, instance:com.cucumber.TestRunner.BookTicketRunner@c038203]" name="feature" duration-ms="24584" started-at="2019-06-10T18:28:27Z" description="Runs Cucumber Feature" data-provider="features" finished-at="2019-06-10T18:28:51Z">
          <params>
            <param index="0">
              <value>
                <![CDATA[Book your ticket]]>
              </value>
            </param>
          </params>
          <reporter-output>
            <line>
              <![CDATA[Completed executing following method : AbstractTestNGCucumberTests.feature]]>
            </line>
            <line>
              <![CDATA[Test Method resides in com.cucumber.TestRunner.BookTicketRunner]]>
            </line>
            <line>
              <![CDATA[Test Method had the following parameters : nullBook your ticket,]]>
            </line>
            <line>
              <![CDATA[Test Status: Pass]]>
            </line>
          </reporter-output>
        </test-method> <!-- feature -->
        <test-method status="PASS" signature="testDownClass()[pri:0, instance:com.cucumber.TestRunner.BookTicketRunner@c038203]" name="testDownClass" is-config="true" duration-ms="15" started-at="2019-06-10T18:28:51Z" finished-at="2019-06-10T18:28:51Z">
          <reporter-output>
            <line>
              <![CDATA[Completed executing following method : BookTicketRunner.testDownClass]]>
            </line>
          </reporter-output>
        </test-method> <!-- testDownClass -->
        <test-method status="PASS" signature="tearDownClass()[pri:0, instance:com.cucumber.TestRunner.BookTicketRunner@c038203]" name="tearDownClass" is-config="true" duration-ms="938" started-at="2019-06-10T18:28:51Z" finished-at="2019-06-10T18:28:52Z">
          <reporter-output>
            <line>
              <![CDATA[Completed executing following method : AbstractTestNGCucumberTests.tearDownClass]]>
            </line>
          </reporter-output>
        </test-method> <!-- tearDownClass -->
      </class> <!-- com.cucumber.TestRunner.BookTicketRunner -->
    </test> <!-- BookTick -->
    <test name="Registration" duration-ms="68199" started-at="2019-06-10T12:58:52Z" finished-at="2019-06-10T13:00:00Z">
      <class name="com.cucumber.TestRunner.RegistrationRunner">
        <test-method status="PASS" signature="setUpClass()[pri:0, instance:com.cucumber.TestRunner.RegistrationRunner@ae45eb6]" name="setUpClass" is-config="true" duration-ms="62" started-at="2019-06-10T18:28:52Z" finished-at="2019-06-10T18:28:52Z">
          <reporter-output>
            <line>
              <![CDATA[Completed executing following method : AbstractTestNGCucumberTests.setUpClass]]>
            </line>
          </reporter-output>
        </test-method> <!-- setUpClass -->
        <test-method status="PASS" signature="beforeclass()[pri:0, instance:com.cucumber.TestRunner.RegistrationRunner@ae45eb6]" name="beforeclass" is-config="true" duration-ms="47" started-at="2019-06-10T18:28:52Z" finished-at="2019-06-10T18:28:52Z">
          <reporter-output>
            <line>
              <![CDATA[Completed executing following method : RegistrationRunner.beforeclass]]>
            </line>
          </reporter-output>
        </test-method> <!-- beforeclass -->
        <test-method status="PASS" signature="feature(cucumber.api.testng.CucumberFeatureWrapper)[pri:0, instance:com.cucumber.TestRunner.RegistrationRunner@ae45eb6]" name="feature" duration-ms="67887" started-at="2019-06-10T18:28:52Z" description="Runs Cucumber Feature" data-provider="features" finished-at="2019-06-10T18:30:00Z">
          <params>
            <param index="0">
              <value>
                <![CDATA[Spicejet registration]]>
              </value>
            </param>
          </params>
          <reporter-output>
            <line>
              <![CDATA[Completed executing following method : AbstractTestNGCucumberTests.feature]]>
            </line>
            <line>
              <![CDATA[Test Method resides in com.cucumber.TestRunner.RegistrationRunner]]>
            </line>
            <line>
              <![CDATA[Test Method had the following parameters : nullSpicejet registration,]]>
            </line>
            <line>
              <![CDATA[Test Status: Pass]]>
            </line>
          </reporter-output>
        </test-method> <!-- feature -->
        <test-method status="PASS" signature="testDownClass()[pri:0, instance:com.cucumber.TestRunner.RegistrationRunner@ae45eb6]" name="testDownClass" is-config="true" duration-ms="0" started-at="2019-06-10T18:30:00Z" finished-at="2019-06-10T18:30:00Z">
          <reporter-output>
            <line>
              <![CDATA[Completed executing following method : RegistrationRunner.testDownClass]]>
            </line>
          </reporter-output>
        </test-method> <!-- testDownClass -->
        <test-method status="PASS" signature="tearDownClass()[pri:0, instance:com.cucumber.TestRunner.RegistrationRunner@ae45eb6]" name="tearDownClass" is-config="true" duration-ms="187" started-at="2019-06-10T18:30:00Z" finished-at="2019-06-10T18:30:00Z">
          <reporter-output>
            <line>
              <![CDATA[Completed executing following method : AbstractTestNGCucumberTests.tearDownClass]]>
            </line>
          </reporter-output>
        </test-method> <!-- tearDownClass -->
      </class> <!-- com.cucumber.TestRunner.RegistrationRunner -->
    </test> <!-- Registration -->
    <test name="LoginRunner" duration-ms="55937" started-at="2019-06-10T13:00:00Z" finished-at="2019-06-10T13:00:56Z">
      <class name="com.cucumber.TestRunner.LoginRunner">
        <test-method status="PASS" signature="setUpClass()[pri:0, instance:com.cucumber.TestRunner.LoginRunner@1e88b3c]" name="setUpClass" is-config="true" duration-ms="62" started-at="2019-06-10T18:30:00Z" finished-at="2019-06-10T18:30:01Z">
          <reporter-output>
            <line>
              <![CDATA[Completed executing following method : AbstractTestNGCucumberTests.setUpClass]]>
            </line>
          </reporter-output>
        </test-method> <!-- setUpClass -->
        <test-method status="PASS" signature="beforeclass()[pri:0, instance:com.cucumber.TestRunner.LoginRunner@1e88b3c]" name="beforeclass" is-config="true" duration-ms="16" started-at="2019-06-10T18:30:01Z" finished-at="2019-06-10T18:30:01Z">
          <reporter-output>
            <line>
              <![CDATA[Completed executing following method : LoginRunner.beforeclass]]>
            </line>
          </reporter-output>
        </test-method> <!-- beforeclass -->
        <test-method status="PASS" signature="feature(cucumber.api.testng.CucumberFeatureWrapper)[pri:0, instance:com.cucumber.TestRunner.LoginRunner@1e88b3c]" name="feature" duration-ms="55672" started-at="2019-06-10T18:30:01Z" description="Runs Cucumber Feature" data-provider="features" finished-at="2019-06-10T18:30:56Z">
          <params>
            <param index="0">
              <value>
                <![CDATA[Login with Valid Credentials]]>
              </value>
            </param>
          </params>
          <reporter-output>
            <line>
              <![CDATA[Completed executing following method : AbstractTestNGCucumberTests.feature]]>
            </line>
            <line>
              <![CDATA[Test Method resides in com.cucumber.TestRunner.LoginRunner]]>
            </line>
            <line>
              <![CDATA[Test Method had the following parameters : nullLogin with Valid Credentials,]]>
            </line>
            <line>
              <![CDATA[Test Status: Pass]]>
            </line>
          </reporter-output>
        </test-method> <!-- feature -->
        <test-method status="PASS" signature="testDownClass()[pri:0, instance:com.cucumber.TestRunner.LoginRunner@1e88b3c]" name="testDownClass" is-config="true" duration-ms="0" started-at="2019-06-10T18:30:56Z" finished-at="2019-06-10T18:30:56Z">
          <reporter-output>
            <line>
              <![CDATA[Completed executing following method : LoginRunner.testDownClass]]>
            </line>
          </reporter-output>
        </test-method> <!-- testDownClass -->
        <test-method status="PASS" signature="tearDownClass()[pri:0, instance:com.cucumber.TestRunner.LoginRunner@1e88b3c]" name="tearDownClass" is-config="true" duration-ms="172" started-at="2019-06-10T18:30:56Z" finished-at="2019-06-10T18:30:56Z">
          <reporter-output>
            <line>
              <![CDATA[Completed executing following method : AbstractTestNGCucumberTests.tearDownClass]]>
            </line>
          </reporter-output>
        </test-method> <!-- tearDownClass -->
      </class> <!-- com.cucumber.TestRunner.LoginRunner -->
    </test> <!-- LoginRunner -->
  </suite> <!-- Spicejet -->
</testng-results>
