<?xml version="1.0" encoding="UTF-8"?>
<testsuite xmlns:xsi="http://www.w3.org/2001/XMLSchema-instance" xsi:noNamespaceSchemaLocation="https://maven.apache.org/surefire/maven-surefire-plugin/xsd/surefire-test-report-3.0.xsd" version="3.0" name="TestSuite" time="1.874" tests="15" errors="0" skipped="6" failures="9">
  <properties>
[...]
</properties>
  <testcase name="setUpClass" classname="com.cucumber.TestRunner.LoginRunner" time="1.175">
    <failure message="Unknown option: --tags &quot;@sanity" type="cucumber.runtime.CucumberException">cucumber.runtime.CucumberException: Unknown option: --tags "@sanity
</failure>
    <system-out><![CDATA[About to begin executing Suite Spicejet
About to begin executing Test LoginRunner
About to begin executing following method : AbstractTestNGCucumberTests.setUpClass
Usage: java cucumber.api.cli.Main [options] [[[FILE|DIR][:LINE[:LINE]*] ]+ | @FILE ]

Options:

  -g, --glue PATH                        Where glue code (step definitions, hooks
                                         and plugins) are loaded from.
  -p, --[add-]plugin PLUGIN[:PATH_OR_URL]
                                         Register a plugin.
                                         Built-in formatter PLUGIN types: junit,
                                         html, pretty, progress, json, usage, rerun,
                                         testng. Built-in summary PLUGIN types:
                                         default_summary, null_summary. PLUGIN can
                                         also be a fully qualified class name, allowing
                                         registration of 3rd party plugins.
                                         --add-plugin does not clobber plugins of that 
                                         type defined from a different source.
  -f, --format FORMAT[:PATH_OR_URL]      Deprecated. Use --plugin instead.
  -t, --tags TAG_EXPRESSION              Only run scenarios tagged with tags matching
                                         TAG_EXPRESSION.
  -n, --name REGEXP                      Only run scenarios whose names match REGEXP.
  -d, --[no-]-dry-run                    Skip execution of glue code.
  -m, --[no-]-monochrome                 Don't colour terminal output.
  -s, --[no-]-strict                     Treat undefined and pending steps as errors.
      --snippets [underscore|camelcase]  Naming convention for generated snippets.
                                         Defaults to underscore.
  -v, --version                          Print version.
  -h, --help                             You're looking at it.
  --i18n LANG                            List keywords for in a particular language
                                         Run with "--i18n help" to see all languages
  --junit,OPTION[,OPTION]*               Pass the OPTION(s) to the JUnit module.
                                         Use --junit,-h or --junit,--help to print the
                                         options of the JUnit module.

Feature path examples:
  <path>                                 Load the files with the extension ".feature"
                                         for the directory <path>
                                         and its sub directories.
  <path>/<name>.feature                  Load the feature file <path>/<name>.feature
                                         from the file system.
  classpath:<path>/<name>.feature        Load the feature file <path>/<name>.feature
                                         from the classpath.
  <path>/<name>.feature:3:9              Load the scenarios on line 3 and line 9 in
                                         the file <path>/<name>.feature.
  @<path>/<file>                         Parse <path>/<file> for feature paths generated
                                         by the rerun formatter.

Completed executing following method : AbstractTestNGCucumberTests.setUpClass
]]></system-out>
  </testcase>
  <testcase name="beforeclass" classname="com.cucumber.TestRunner.LoginRunner" time="0">
    <skipped/>
  </testcase>
  <testcase name="feature" classname="com.cucumber.TestRunner.LoginRunner" time="0">
    <skipped message="java.lang.NullPointerException"/>
  </testcase>
  <testcase name="testDownClass" classname="com.cucumber.TestRunner.LoginRunner" time="1.209">
    <failure type="java.lang.NullPointerException">java.lang.NullPointerException
	at com.cucumber.TestRunner.LoginRunner.testDownClass(LoginRunner.java:46)
</failure>
    <system-out><![CDATA[Test Method resides in com.cucumber.TestRunner.LoginRunner
Test Status: Skipped
About to begin executing following method : LoginRunner.testDownClass
Completed executing following method : LoginRunner.testDownClass
]]></system-out>
  </testcase>
  <testcase name="tearDownClass" classname="com.cucumber.TestRunner.LoginRunner" time="1.214">
    <failure type="java.lang.NullPointerException">java.lang.NullPointerException
</failure>
    <system-out><![CDATA[About to begin executing following method : AbstractTestNGCucumberTests.tearDownClass
Completed executing following method : AbstractTestNGCucumberTests.tearDownClass
]]></system-out>
  </testcase>
  <testcase name="setUpClass" classname="com.cucumber.TestRunner.BookTicketRunner" time="1.325">
    <failure message="Unknown option: --tags &quot;@sanity" type="cucumber.runtime.CucumberException">cucumber.runtime.CucumberException: Unknown option: --tags "@sanity
</failure>
    <system-out><![CDATA[Completed executing test LoginRunner
About to begin executing Test BookTick
About to begin executing following method : AbstractTestNGCucumberTests.setUpClass
Usage: java cucumber.api.cli.Main [options] [[[FILE|DIR][:LINE[:LINE]*] ]+ | @FILE ]

Options:

  -g, --glue PATH                        Where glue code (step definitions, hooks
                                         and plugins) are loaded from.
  -p, --[add-]plugin PLUGIN[:PATH_OR_URL]
                                         Register a plugin.
                                         Built-in formatter PLUGIN types: junit,
                                         html, pretty, progress, json, usage, rerun,
                                         testng. Built-in summary PLUGIN types:
                                         default_summary, null_summary. PLUGIN can
                                         also be a fully qualified class name, allowing
                                         registration of 3rd party plugins.
                                         --add-plugin does not clobber plugins of that 
                                         type defined from a different source.
  -f, --format FORMAT[:PATH_OR_URL]      Deprecated. Use --plugin instead.
  -t, --tags TAG_EXPRESSION              Only run scenarios tagged with tags matching
                                         TAG_EXPRESSION.
  -n, --name REGEXP                      Only run scenarios whose names match REGEXP.
  -d, --[no-]-dry-run                    Skip execution of glue code.
  -m, --[no-]-monochrome                 Don't colour terminal output.
  -s, --[no-]-strict                     Treat undefined and pending steps as errors.
      --snippets [underscore|camelcase]  Naming convention for generated snippets.
                                         Defaults to underscore.
  -v, --version                          Print version.
  -h, --help                             You're looking at it.
  --i18n LANG                            List keywords for in a particular language
                                         Run with "--i18n help" to see all languages
  --junit,OPTION[,OPTION]*               Pass the OPTION(s) to the JUnit module.
                                         Use --junit,-h or --junit,--help to print the
                                         options of the JUnit module.

Feature path examples:
  <path>                                 Load the files with the extension ".feature"
                                         for the directory <path>
                                         and its sub directories.
  <path>/<name>.feature                  Load the feature file <path>/<name>.feature
                                         from the file system.
  classpath:<path>/<name>.feature        Load the feature file <path>/<name>.feature
                                         from the classpath.
  <path>/<name>.feature:3:9              Load the scenarios on line 3 and line 9 in
                                         the file <path>/<name>.feature.
  @<path>/<file>                         Parse <path>/<file> for feature paths generated
                                         by the rerun formatter.

Completed executing following method : AbstractTestNGCucumberTests.setUpClass
]]></system-out>
  </testcase>
  <testcase name="beforeclass" classname="com.cucumber.TestRunner.BookTicketRunner" time="0">
    <skipped/>
  </testcase>
  <testcase name="feature" classname="com.cucumber.TestRunner.BookTicketRunner" time="0">
    <skipped message="java.lang.NullPointerException"/>
  </testcase>
  <testcase name="testDownClass" classname="com.cucumber.TestRunner.BookTicketRunner" time="1.337">
    <failure type="java.lang.NullPointerException">java.lang.NullPointerException
	at com.cucumber.TestRunner.BookTicketRunner.testDownClass(BookTicketRunner.java:47)
</failure>
    <system-out><![CDATA[Test Method resides in com.cucumber.TestRunner.BookTicketRunner
Test Status: Skipped
About to begin executing following method : BookTicketRunner.testDownClass
Completed executing following method : BookTicketRunner.testDownClass
]]></system-out>
  </testcase>
  <testcase name="tearDownClass" classname="com.cucumber.TestRunner.BookTicketRunner" time="1.345">
    <failure type="java.lang.NullPointerException">java.lang.NullPointerException
</failure>
    <system-out><![CDATA[About to begin executing following method : AbstractTestNGCucumberTests.tearDownClass
Completed executing following method : AbstractTestNGCucumberTests.tearDownClass
]]></system-out>
  </testcase>
  <testcase name="setUpClass" classname="com.cucumber.TestRunner.RegistrationRunner" time="1.376">
    <failure message="Unknown option: --tags &quot;@sanity" type="cucumber.runtime.CucumberException">cucumber.runtime.CucumberException: Unknown option: --tags "@sanity
</failure>
    <system-out><![CDATA[Completed executing test BookTick
About to begin executing Test Registration
About to begin executing following method : AbstractTestNGCucumberTests.setUpClass
Usage: java cucumber.api.cli.Main [options] [[[FILE|DIR][:LINE[:LINE]*] ]+ | @FILE ]

Options:

  -g, --glue PATH                        Where glue code (step definitions, hooks
                                         and plugins) are loaded from.
  -p, --[add-]plugin PLUGIN[:PATH_OR_URL]
                                         Register a plugin.
                                         Built-in formatter PLUGIN types: junit,
                                         html, pretty, progress, json, usage, rerun,
                                         testng. Built-in summary PLUGIN types:
                                         default_summary, null_summary. PLUGIN can
                                         also be a fully qualified class name, allowing
                                         registration of 3rd party plugins.
                                         --add-plugin does not clobber plugins of that 
                                         type defined from a different source.
  -f, --format FORMAT[:PATH_OR_URL]      Deprecated. Use --plugin instead.
  -t, --tags TAG_EXPRESSION              Only run scenarios tagged with tags matching
                                         TAG_EXPRESSION.
  -n, --name REGEXP                      Only run scenarios whose names match REGEXP.
  -d, --[no-]-dry-run                    Skip execution of glue code.
  -m, --[no-]-monochrome                 Don't colour terminal output.
  -s, --[no-]-strict                     Treat undefined and pending steps as errors.
      --snippets [underscore|camelcase]  Naming convention for generated snippets.
                                         Defaults to underscore.
  -v, --version                          Print version.
  -h, --help                             You're looking at it.
  --i18n LANG                            List keywords for in a particular language
                                         Run with "--i18n help" to see all languages
  --junit,OPTION[,OPTION]*               Pass the OPTION(s) to the JUnit module.
                                         Use --junit,-h or --junit,--help to print the
                                         options of the JUnit module.

Feature path examples:
  <path>                                 Load the files with the extension ".feature"
                                         for the directory <path>
                                         and its sub directories.
  <path>/<name>.feature                  Load the feature file <path>/<name>.feature
                                         from the file system.
  classpath:<path>/<name>.feature        Load the feature file <path>/<name>.feature
                                         from the classpath.
  <path>/<name>.feature:3:9              Load the scenarios on line 3 and line 9 in
                                         the file <path>/<name>.feature.
  @<path>/<file>                         Parse <path>/<file> for feature paths generated
                                         by the rerun formatter.

Completed executing following method : AbstractTestNGCucumberTests.setUpClass
]]></system-out>
  </testcase>
  <testcase name="beforeclass" classname="com.cucumber.TestRunner.RegistrationRunner" time="0">
    <skipped/>
  </testcase>
  <testcase name="feature" classname="com.cucumber.TestRunner.RegistrationRunner" time="0">
    <skipped message="java.lang.NullPointerException"/>
  </testcase>
  <testcase name="testDownClass" classname="com.cucumber.TestRunner.RegistrationRunner" time="1.391">
    <failure type="java.lang.NullPointerException">java.lang.NullPointerException
	at com.cucumber.TestRunner.RegistrationRunner.testDownClass(RegistrationRunner.java:57)
</failure>
    <system-out><![CDATA[Test Method resides in com.cucumber.TestRunner.RegistrationRunner
Test Status: Skipped
About to begin executing following method : RegistrationRunner.testDownClass
Completed executing following method : RegistrationRunner.testDownClass
]]></system-out>
  </testcase>
  <testcase name="tearDownClass" classname="com.cucumber.TestRunner.RegistrationRunner" time="1.406">
    <failure type="java.lang.NullPointerException">java.lang.NullPointerException
</failure>
    <system-out><![CDATA[About to begin executing following method : AbstractTestNGCucumberTests.tearDownClass
Completed executing following method : AbstractTestNGCucumberTests.tearDownClass
]]></system-out>
  </testcase>
</testsuite>