<?xml version="1.0" encoding="UTF-8"?>
<testng-results skipped="0" failed="0" total="5" passed="5">
  <reporter-output>
    <line>
      <![CDATA[About to begin executing Suite Spicejet]]>
    </line>
    <line>
      <![CDATA[About to begin executing Test LoginRunner]]>
    </line>
    <line>
      <![CDATA[About to begin executing following method : AbstractTestNGCucumberTests.setUpClass]]>
    </line>
    <line>
      <![CDATA[Completed executing following method : AbstractTestNGCucumberTests.setUpClass]]>
    </line>
    <line>
      <![CDATA[About to begin executing following method : LoginRunner.beforeclass]]>
    </line>
    <line>
      <![CDATA[Completed executing following method : LoginRunner.beforeclass]]>
    </line>
    <line>
      <![CDATA[About to begin executing following method : AbstractTestNGCucumberTests.feature]]>
    </line>
    <line>
      <![CDATA[Completed executing following method : AbstractTestNGCucumberTests.feature]]>
    </line>
    <line>
      <![CDATA[Test Method resides in com.cucumber.TestRunner.LoginRunner]]>
    </line>
    <line>
      <![CDATA[Test Method had the following parameters : nullLogin with Valid Credentials,]]>
    </line>
    <line>
      <![CDATA[Test Status: Pass]]>
    </line>
    <line>
      <![CDATA[About to begin executing following method : LoginRunner.testDownClass]]>
    </line>
    <line>
      <![CDATA[Completed executing following method : LoginRunner.testDownClass]]>
    </line>
    <line>
      <![CDATA[About to begin executing following method : AbstractTestNGCucumberTests.tearDownClass]]>
    </line>
    <line>
      <![CDATA[Completed executing following method : AbstractTestNGCucumberTests.tearDownClass]]>
    </line>
    <line>
      <![CDATA[Completed executing test LoginRunner]]>
    </line>
    <line>
      <![CDATA[About to begin executing Test BookTick]]>
    </line>
    <line>
      <![CDATA[About to begin executing following method : AbstractTestNGCucumberTests.setUpClass]]>
    </line>
    <line>
      <![CDATA[Completed executing following method : AbstractTestNGCucumberTests.setUpClass]]>
    </line>
    <line>
      <![CDATA[About to begin executing following method : BookTicketRunner.beforeclass]]>
    </line>
    <line>
      <![CDATA[Completed executing following method : BookTicketRunner.beforeclass]]>
    </line>
    <line>
      <![CDATA[About to begin executing following method : AbstractTestNGCucumberTests.feature]]>
    </line>
    <line>
      <![CDATA[Completed executing following method : AbstractTestNGCucumberTests.feature]]>
    </line>
    <line>
      <![CDATA[Test Method resides in com.cucumber.TestRunner.BookTicketRunner]]>
    </line>
    <line>
      <![CDATA[Test Method had the following parameters : nullBook your ticket,]]>
    </line>
    <line>
      <![CDATA[Test Status: Pass]]>
    </line>
    <line>
      <![CDATA[About to begin executing following method : BookTicketRunner.testDownClass]]>
    </line>
    <line>
      <![CDATA[Completed executing following method : BookTicketRunner.testDownClass]]>
    </line>
    <line>
      <![CDATA[About to begin executing following method : AbstractTestNGCucumberTests.tearDownClass]]>
    </line>
    <line>
      <![CDATA[Completed executing following method : AbstractTestNGCucumberTests.tearDownClass]]>
    </line>
    <line>
      <![CDATA[Completed executing test BookTick]]>
    </line>
    <line>
      <![CDATA[About to begin executing Test Registration]]>
    </line>
    <line>
      <![CDATA[About to begin executing following method : AbstractTestNGCucumberTests.setUpClass]]>
    </line>
    <line>
      <![CDATA[Completed executing following method : AbstractTestNGCucumberTests.setUpClass]]>
    </line>
    <line>
      <![CDATA[About to begin executing following method : RegistrationRunner.beforeclass]]>
    </line>
    <line>
      <![CDATA[Completed executing following method : RegistrationRunner.beforeclass]]>
    </line>
    <line>
      <![CDATA[About to begin executing following method : AbstractTestNGCucumberTests.feature]]>
    </line>
    <line>
      <![CDATA[Completed executing following method : AbstractTestNGCucumberTests.feature]]>
    </line>
    <line>
      <![CDATA[Test Method resides in com.cucumber.TestRunner.RegistrationRunner]]>
    </line>
    <line>
      <![CDATA[Test Method had the following parameters : nullBook your ticket,]]>
    </line>
    <line>
      <![CDATA[Test Status: Pass]]>
    </line>
    <line>
      <![CDATA[About to begin executing following method : AbstractTestNGCucumberTests.feature]]>
    </line>
    <line>
      <![CDATA[Completed executing following method : AbstractTestNGCucumberTests.feature]]>
    </line>
    <line>
      <![CDATA[Test Method resides in com.cucumber.TestRunner.RegistrationRunner]]>
    </line>
    <line>
      <![CDATA[Test Method had the following parameters : nullLogin with Valid Credentials,]]>
    </line>
    <line>
      <![CDATA[Test Status: Pass]]>
    </line>
    <line>
      <![CDATA[About to begin executing following method : AbstractTestNGCucumberTests.feature]]>
    </line>
    <line>
      <![CDATA[Completed executing following method : AbstractTestNGCucumberTests.feature]]>
    </line>
    <line>
      <![CDATA[Test Method resides in com.cucumber.TestRunner.RegistrationRunner]]>
    </line>
    <line>
      <![CDATA[Test Method had the following parameters : nullSpicejet registration,]]>
    </line>
    <line>
      <![CDATA[Test Status: Pass]]>
    </line>
    <line>
      <![CDATA[About to begin executing following method : RegistrationRunner.testDownClass]]>
    </line>
    <line>
      <![CDATA[Completed executing following method : RegistrationRunner.testDownClass]]>
    </line>
    <line>
      <![CDATA[About to begin executing following method : AbstractTestNGCucumberTests.tearDownClass]]>
    </line>
    <line>
      <![CDATA[Completed executing following method : AbstractTestNGCucumberTests.tearDownClass]]>
    </line>
  </reporter-output>
  <suite name="Spicejet" duration-ms="234736" started-at="2019-10-30T11:40:06Z" finished-at="2019-10-30T11:44:01Z">
    <groups>
      <group name="cucumber">
        <method signature="AbstractTestNGCucumberTests.feature(cucumber.api.testng.CucumberFeatureWrapper)[pri:0, instance:com.cucumber.TestRunner.LoginRunner@7c16905e]" name="feature" class="cucumber.api.testng.AbstractTestNGCucumberTests"/>
        <method signature="AbstractTestNGCucumberTests.feature(cucumber.api.testng.CucumberFeatureWrapper)[pri:0, instance:com.cucumber.TestRunner.BookTicketRunner@475530b9]" name="feature" class="cucumber.api.testng.AbstractTestNGCucumberTests"/>
        <method signature="AbstractTestNGCucumberTests.feature(cucumber.api.testng.CucumberFeatureWrapper)[pri:0, instance:com.cucumber.TestRunner.RegistrationRunner@59fa1d9b]" name="feature" class="cucumber.api.testng.AbstractTestNGCucumberTests"/>
      </group> <!-- cucumber -->
    </groups>
    <test name="LoginRunner" duration-ms="64184" started-at="2019-10-30T11:40:06Z" finished-at="2019-10-30T11:41:10Z">
      <class name="com.cucumber.TestRunner.LoginRunner">
        <test-method status="PASS" signature="setUpClass()[pri:0, instance:com.cucumber.TestRunner.LoginRunner@7c16905e]" name="setUpClass" is-config="true" duration-ms="758" started-at="2019-10-30T17:10:06Z" finished-at="2019-10-30T17:10:07Z">
          <reporter-output>
            <line>
              <![CDATA[Completed executing following method : AbstractTestNGCucumberTests.setUpClass]]>
            </line>
          </reporter-output>
        </test-method> <!-- setUpClass -->
        <test-method status="PASS" signature="beforeclass()[pri:0, instance:com.cucumber.TestRunner.LoginRunner@7c16905e]" name="beforeclass" is-config="true" duration-ms="274" started-at="2019-10-30T17:10:07Z" finished-at="2019-10-30T17:10:07Z">
          <reporter-output>
            <line>
              <![CDATA[Completed executing following method : LoginRunner.beforeclass]]>
            </line>
          </reporter-output>
        </test-method> <!-- beforeclass -->
        <test-method status="PASS" signature="feature(cucumber.api.testng.CucumberFeatureWrapper)[pri:0, instance:com.cucumber.TestRunner.LoginRunner@7c16905e]" name="feature" duration-ms="61711" started-at="2019-10-30T17:10:07Z" description="Runs Cucumber Feature" data-provider="features" finished-at="2019-10-30T17:11:09Z">
          <params>
            <param index="0">
              <value>
                <![CDATA[Login with Valid Credentials]]>
              </value>
            </param>
          </params>
          <reporter-output>
            <line>
              <![CDATA[Completed executing following method : AbstractTestNGCucumberTests.feature]]>
            </line>
            <line>
              <![CDATA[Test Method resides in com.cucumber.TestRunner.LoginRunner]]>
            </line>
            <line>
              <![CDATA[Test Method had the following parameters : nullLogin with Valid Credentials,]]>
            </line>
            <line>
              <![CDATA[Test Status: Pass]]>
            </line>
          </reporter-output>
        </test-method> <!-- feature -->
        <test-method status="PASS" signature="testDownClass()[pri:0, instance:com.cucumber.TestRunner.LoginRunner@7c16905e]" name="testDownClass" is-config="true" duration-ms="5" started-at="2019-10-30T17:11:09Z" finished-at="2019-10-30T17:11:09Z">
          <reporter-output>
            <line>
              <![CDATA[Completed executing following method : LoginRunner.testDownClass]]>
            </line>
          </reporter-output>
        </test-method> <!-- testDownClass -->
        <test-method status="PASS" signature="tearDownClass()[pri:0, instance:com.cucumber.TestRunner.LoginRunner@7c16905e]" name="tearDownClass" is-config="true" duration-ms="1165" started-at="2019-10-30T17:11:09Z" finished-at="2019-10-30T17:11:10Z">
          <reporter-output>
            <line>
              <![CDATA[Completed executing following method : AbstractTestNGCucumberTests.tearDownClass]]>
            </line>
          </reporter-output>
        </test-method> <!-- tearDownClass -->
      </class> <!-- com.cucumber.TestRunner.LoginRunner -->
    </test> <!-- LoginRunner -->
    <test name="BookTick" duration-ms="29073" started-at="2019-10-30T11:41:10Z" finished-at="2019-10-30T11:41:40Z">
      <class name="com.cucumber.TestRunner.BookTicketRunner">
        <test-method status="PASS" signature="setUpClass()[pri:0, instance:com.cucumber.TestRunner.BookTicketRunner@475530b9]" name="setUpClass" is-config="true" duration-ms="113" started-at="2019-10-30T17:11:10Z" finished-at="2019-10-30T17:11:11Z">
          <reporter-output>
            <line>
              <![CDATA[Completed executing following method : AbstractTestNGCucumberTests.setUpClass]]>
            </line>
          </reporter-output>
        </test-method> <!-- setUpClass -->
        <test-method status="PASS" signature="beforeclass()[pri:0, instance:com.cucumber.TestRunner.BookTicketRunner@475530b9]" name="beforeclass" is-config="true" duration-ms="28" started-at="2019-10-30T17:11:11Z" finished-at="2019-10-30T17:11:11Z">
          <reporter-output>
            <line>
              <![CDATA[Completed executing following method : BookTicketRunner.beforeclass]]>
            </line>
          </reporter-output>
        </test-method> <!-- beforeclass -->
        <test-method status="PASS" signature="feature(cucumber.api.testng.CucumberFeatureWrapper)[pri:0, instance:com.cucumber.TestRunner.BookTicketRunner@475530b9]" name="feature" duration-ms="28625" started-at="2019-10-30T17:11:11Z" description="Runs Cucumber Feature" data-provider="features" finished-at="2019-10-30T17:11:39Z">
          <params>
            <param index="0">
              <value>
                <![CDATA[Book your ticket]]>
              </value>
            </param>
          </params>
          <reporter-output>
            <line>
              <![CDATA[Completed executing following method : AbstractTestNGCucumberTests.feature]]>
            </line>
            <line>
              <![CDATA[Test Method resides in com.cucumber.TestRunner.BookTicketRunner]]>
            </line>
            <line>
              <![CDATA[Test Method had the following parameters : nullBook your ticket,]]>
            </line>
            <line>
              <![CDATA[Test Status: Pass]]>
            </line>
          </reporter-output>
        </test-method> <!-- feature -->
        <test-method status="PASS" signature="testDownClass()[pri:0, instance:com.cucumber.TestRunner.BookTicketRunner@475530b9]" name="testDownClass" is-config="true" duration-ms="1" started-at="2019-10-30T17:11:39Z" finished-at="2019-10-30T17:11:39Z">
          <reporter-output>
            <line>
              <![CDATA[Completed executing following method : BookTicketRunner.testDownClass]]>
            </line>
          </reporter-output>
        </test-method> <!-- testDownClass -->
        <test-method status="PASS" signature="tearDownClass()[pri:0, instance:com.cucumber.TestRunner.BookTicketRunner@475530b9]" name="tearDownClass" is-config="true" duration-ms="288" started-at="2019-10-30T17:11:39Z" finished-at="2019-10-30T17:11:40Z">
          <reporter-output>
            <line>
              <![CDATA[Completed executing following method : AbstractTestNGCucumberTests.tearDownClass]]>
            </line>
          </reporter-output>
        </test-method> <!-- tearDownClass -->
      </class> <!-- com.cucumber.TestRunner.BookTicketRunner -->
    </test> <!-- BookTick -->
    <test name="Registration" duration-ms="141323" started-at="2019-10-30T11:41:40Z" finished-at="2019-10-30T11:44:01Z">
      <class name="com.cucumber.TestRunner.RegistrationRunner">
        <test-method status="PASS" signature="setUpClass()[pri:0, instance:com.cucumber.TestRunner.RegistrationRunner@59fa1d9b]" name="setUpClass" is-config="true" duration-ms="58" started-at="2019-10-30T17:11:40Z" finished-at="2019-10-30T17:11:40Z">
          <reporter-output>
            <line>
              <![CDATA[Completed executing following method : AbstractTestNGCucumberTests.setUpClass]]>
            </line>
          </reporter-output>
        </test-method> <!-- setUpClass -->
        <test-method status="PASS" signature="beforeclass()[pri:0, instance:com.cucumber.TestRunner.RegistrationRunner@59fa1d9b]" name="beforeclass" is-config="true" duration-ms="52" started-at="2019-10-30T17:11:40Z" finished-at="2019-10-30T17:11:40Z">
          <reporter-output>
            <line>
              <![CDATA[Completed executing following method : RegistrationRunner.beforeclass]]>
            </line>
          </reporter-output>
        </test-method> <!-- beforeclass -->
        <test-method status="PASS" signature="feature(cucumber.api.testng.CucumberFeatureWrapper)[pri:0, instance:com.cucumber.TestRunner.RegistrationRunner@59fa1d9b]" name="feature" duration-ms="50961" started-at="2019-10-30T17:11:40Z" description="Runs Cucumber Feature" data-provider="features" finished-at="2019-10-30T17:12:31Z">
          <params>
            <param index="0">
              <value>
                <![CDATA[Book your ticket]]>
              </value>
            </param>
          </params>
          <reporter-output>
            <line>
              <![CDATA[Completed executing following method : AbstractTestNGCucumberTests.feature]]>
            </line>
            <line>
              <![CDATA[Test Method resides in com.cucumber.TestRunner.RegistrationRunner]]>
            </line>
            <line>
              <![CDATA[Test Method had the following parameters : nullBook your ticket,]]>
            </line>
            <line>
              <![CDATA[Test Status: Pass]]>
            </line>
          </reporter-output>
        </test-method> <!-- feature -->
        <test-method status="PASS" signature="feature(cucumber.api.testng.CucumberFeatureWrapper)[pri:0, instance:com.cucumber.TestRunner.RegistrationRunner@59fa1d9b]" name="feature" duration-ms="49804" started-at="2019-10-30T17:12:31Z" description="Runs Cucumber Feature" data-provider="features" finished-at="2019-10-30T17:13:20Z">
          <params>
            <param index="0">
              <value>
                <![CDATA[Login with Valid Credentials]]>
              </value>
            </param>
          </params>
          <reporter-output>
            <line>
              <![CDATA[Completed executing following method : AbstractTestNGCucumberTests.feature]]>
            </line>
            <line>
              <![CDATA[Test Method resides in com.cucumber.TestRunner.RegistrationRunner]]>
            </line>
            <line>
              <![CDATA[Test Method had the following parameters : nullLogin with Valid Credentials,]]>
            </line>
            <line>
              <![CDATA[Test Status: Pass]]>
            </line>
          </reporter-output>
        </test-method> <!-- feature -->
        <test-method status="PASS" signature="feature(cucumber.api.testng.CucumberFeatureWrapper)[pri:0, instance:com.cucumber.TestRunner.RegistrationRunner@59fa1d9b]" name="feature" duration-ms="40138" started-at="2019-10-30T17:13:20Z" description="Runs Cucumber Feature" data-provider="features" finished-at="2019-10-30T17:14:01Z">
          <params>
            <param index="0">
              <value>
                <![CDATA[Spicejet registration]]>
              </value>
            </param>
          </params>
          <reporter-output>
            <line>
              <![CDATA[Completed executing following method : AbstractTestNGCucumberTests.feature]]>
            </line>
            <line>
              <![CDATA[Test Method resides in com.cucumber.TestRunner.RegistrationRunner]]>
            </line>
            <line>
              <![CDATA[Test Method had the following parameters : nullSpicejet registration,]]>
            </line>
            <line>
              <![CDATA[Test Status: Pass]]>
            </line>
          </reporter-output>
        </test-method> <!-- feature -->
        <test-method status="PASS" signature="testDownClass()[pri:0, instance:com.cucumber.TestRunner.RegistrationRunner@59fa1d9b]" name="testDownClass" is-config="true" duration-ms="1" started-at="2019-10-30T17:14:01Z" finished-at="2019-10-30T17:14:01Z">
          <reporter-output>
            <line>
              <![CDATA[Completed executing following method : RegistrationRunner.testDownClass]]>
            </line>
          </reporter-output>
        </test-method> <!-- testDownClass -->
        <test-method status="PASS" signature="tearDownClass()[pri:0, instance:com.cucumber.TestRunner.RegistrationRunner@59fa1d9b]" name="tearDownClass" is-config="true" duration-ms="250" started-at="2019-10-30T17:14:01Z" finished-at="2019-10-30T17:14:01Z">
          <reporter-output>
            <line>
              <![CDATA[Completed executing following method : AbstractTestNGCucumberTests.tearDownClass]]>
            </line>
          </reporter-output>
        </test-method> <!-- tearDownClass -->
      </class> <!-- com.cucumber.TestRunner.RegistrationRunner -->
    </test> <!-- Registration -->
  </suite> <!-- Spicejet -->
</testng-results>
