<?xml version="1.0" encoding="UTF-8"?>
<testng-results skipped="0" failed="0" total="3" passed="3">
  <reporter-output>
    <line>
      <![CDATA[About to begin executing Suite Spicejet]]>
    </line>
    <line>
      <![CDATA[About to begin executing Test BookTick]]>
    </line>
    <line>
      <![CDATA[About to begin executing following method : AbstractTestNGCucumberTests.setUpClass]]>
    </line>
    <line>
      <![CDATA[Completed executing following method : AbstractTestNGCucumberTests.setUpClass]]>
    </line>
    <line>
      <![CDATA[About to begin executing following method : BookTicketRunner.beforeclass]]>
    </line>
    <line>
      <![CDATA[Completed executing following method : BookTicketRunner.beforeclass]]>
    </line>
    <line>
      <![CDATA[About to begin executing following method : AbstractTestNGCucumberTests.feature]]>
    </line>
    <line>
      <![CDATA[Completed executing following method : AbstractTestNGCucumberTests.feature]]>
    </line>
    <line>
      <![CDATA[Test Method resides in com.cucumber.TestRunner.BookTicketRunner]]>
    </line>
    <line>
      <![CDATA[Test Method had the following parameters : nullBook your ticket,]]>
    </line>
    <line>
      <![CDATA[Test Status: Pass]]>
    </line>
    <line>
      <![CDATA[About to begin executing following method : BookTicketRunner.testDownClass]]>
    </line>
    <line>
      <![CDATA[Completed executing following method : BookTicketRunner.testDownClass]]>
    </line>
    <line>
      <![CDATA[About to begin executing following method : AbstractTestNGCucumberTests.tearDownClass]]>
    </line>
    <line>
      <![CDATA[Completed executing following method : AbstractTestNGCucumberTests.tearDownClass]]>
    </line>
    <line>
      <![CDATA[Completed executing test BookTick]]>
    </line>
    <line>
      <![CDATA[About to begin executing Test Registration]]>
    </line>
    <line>
      <![CDATA[About to begin executing following method : AbstractTestNGCucumberTests.setUpClass]]>
    </line>
    <line>
      <![CDATA[Completed executing following method : AbstractTestNGCucumberTests.setUpClass]]>
    </line>
    <line>
      <![CDATA[About to begin executing following method : RegistrationRunner.beforeclass]]>
    </line>
    <line>
      <![CDATA[Completed executing following method : RegistrationRunner.beforeclass]]>
    </line>
    <line>
      <![CDATA[About to begin executing following method : AbstractTestNGCucumberTests.feature]]>
    </line>
    <line>
      <![CDATA[Completed executing following method : AbstractTestNGCucumberTests.feature]]>
    </line>
    <line>
      <![CDATA[Test Method resides in com.cucumber.TestRunner.RegistrationRunner]]>
    </line>
    <line>
      <![CDATA[Test Method had the following parameters : nullSpicejet registration,]]>
    </line>
    <line>
      <![CDATA[Test Status: Pass]]>
    </line>
    <line>
      <![CDATA[About to begin executing following method : RegistrationRunner.testDownClass]]>
    </line>
    <line>
      <![CDATA[Completed executing following method : RegistrationRunner.testDownClass]]>
    </line>
    <line>
      <![CDATA[About to begin executing following method : AbstractTestNGCucumberTests.tearDownClass]]>
    </line>
    <line>
      <![CDATA[Completed executing following method : AbstractTestNGCucumberTests.tearDownClass]]>
    </line>
    <line>
      <![CDATA[Completed executing test Registration]]>
    </line>
    <line>
      <![CDATA[About to begin executing Test LoginRunner]]>
    </line>
    <line>
      <![CDATA[About to begin executing following method : AbstractTestNGCucumberTests.setUpClass]]>
    </line>
    <line>
      <![CDATA[Completed executing following method : AbstractTestNGCucumberTests.setUpClass]]>
    </line>
    <line>
      <![CDATA[About to begin executing following method : LoginRunner.beforeclass]]>
    </line>
    <line>
      <![CDATA[Completed executing following method : LoginRunner.beforeclass]]>
    </line>
    <line>
      <![CDATA[About to begin executing following method : AbstractTestNGCucumberTests.feature]]>
    </line>
    <line>
      <![CDATA[Completed executing following method : AbstractTestNGCucumberTests.feature]]>
    </line>
    <line>
      <![CDATA[Test Method resides in com.cucumber.TestRunner.LoginRunner]]>
    </line>
    <line>
      <![CDATA[Test Method had the following parameters : nullLogin with Valid Credentials,]]>
    </line>
    <line>
      <![CDATA[Test Status: Pass]]>
    </line>
    <line>
      <![CDATA[About to begin executing following method : LoginRunner.testDownClass]]>
    </line>
    <line>
      <![CDATA[Completed executing following method : LoginRunner.testDownClass]]>
    </line>
    <line>
      <![CDATA[About to begin executing following method : AbstractTestNGCucumberTests.tearDownClass]]>
    </line>
    <line>
      <![CDATA[Completed executing following method : AbstractTestNGCucumberTests.tearDownClass]]>
    </line>
  </reporter-output>
  <suite name="Spicejet" duration-ms="149424" started-at="2019-06-10T13:09:52Z" finished-at="2019-06-10T13:12:22Z">
    <groups>
      <group name="cucumber">
        <method signature="AbstractTestNGCucumberTests.feature(cucumber.api.testng.CucumberFeatureWrapper)[pri:0, instance:com.cucumber.TestRunner.BookTicketRunner@c038203]" name="feature" class="cucumber.api.testng.AbstractTestNGCucumberTests"/>
        <method signature="AbstractTestNGCucumberTests.feature(cucumber.api.testng.CucumberFeatureWrapper)[pri:0, instance:com.cucumber.TestRunner.RegistrationRunner@ae45eb6]" name="feature" class="cucumber.api.testng.AbstractTestNGCucumberTests"/>
        <method signature="AbstractTestNGCucumberTests.feature(cucumber.api.testng.CucumberFeatureWrapper)[pri:0, instance:com.cucumber.TestRunner.LoginRunner@1e88b3c]" name="feature" class="cucumber.api.testng.AbstractTestNGCucumberTests"/>
      </group> <!-- cucumber -->
    </groups>
    <test name="BookTick" duration-ms="24199" started-at="2019-06-10T13:09:52Z" finished-at="2019-06-10T13:10:17Z">
      <class name="com.cucumber.TestRunner.BookTicketRunner">
        <test-method status="PASS" signature="setUpClass()[pri:0, instance:com.cucumber.TestRunner.BookTicketRunner@c038203]" name="setUpClass" is-config="true" duration-ms="531" started-at="2019-06-10T18:39:52Z" finished-at="2019-06-10T18:39:53Z">
          <reporter-output>
            <line>
              <![CDATA[Completed executing following method : AbstractTestNGCucumberTests.setUpClass]]>
            </line>
          </reporter-output>
        </test-method> <!-- setUpClass -->
        <test-method status="PASS" signature="beforeclass()[pri:0, instance:com.cucumber.TestRunner.BookTicketRunner@c038203]" name="beforeclass" is-config="true" duration-ms="125" started-at="2019-06-10T18:39:53Z" finished-at="2019-06-10T18:39:53Z">
          <reporter-output>
            <line>
              <![CDATA[Completed executing following method : BookTicketRunner.beforeclass]]>
            </line>
          </reporter-output>
        </test-method> <!-- beforeclass -->
        <test-method status="PASS" signature="feature(cucumber.api.testng.CucumberFeatureWrapper)[pri:0, instance:com.cucumber.TestRunner.BookTicketRunner@c038203]" name="feature" duration-ms="22684" started-at="2019-06-10T18:39:53Z" description="Runs Cucumber Feature" data-provider="features" finished-at="2019-06-10T18:40:16Z">
          <params>
            <param index="0">
              <value>
                <![CDATA[Book your ticket]]>
              </value>
            </param>
          </params>
          <reporter-output>
            <line>
              <![CDATA[Completed executing following method : AbstractTestNGCucumberTests.feature]]>
            </line>
            <line>
              <![CDATA[Test Method resides in com.cucumber.TestRunner.BookTicketRunner]]>
            </line>
            <line>
              <![CDATA[Test Method had the following parameters : nullBook your ticket,]]>
            </line>
            <line>
              <![CDATA[Test Status: Pass]]>
            </line>
          </reporter-output>
        </test-method> <!-- feature -->
        <test-method status="PASS" signature="tearDownClass()[pri:0, instance:com.cucumber.TestRunner.BookTicketRunner@c038203]" name="tearDownClass" is-config="true" duration-ms="718" started-at="2019-06-10T18:40:16Z" finished-at="2019-06-10T18:40:17Z">
          <reporter-output>
            <line>
              <![CDATA[Completed executing following method : AbstractTestNGCucumberTests.tearDownClass]]>
            </line>
          </reporter-output>
        </test-method> <!-- tearDownClass -->
        <test-method status="PASS" signature="testDownClass()[pri:0, instance:com.cucumber.TestRunner.BookTicketRunner@c038203]" name="testDownClass" is-config="true" duration-ms="0" started-at="2019-06-10T18:40:16Z" finished-at="2019-06-10T18:40:16Z">
          <reporter-output>
            <line>
              <![CDATA[Completed executing following method : BookTicketRunner.testDownClass]]>
            </line>
          </reporter-output>
        </test-method> <!-- testDownClass -->
      </class> <!-- com.cucumber.TestRunner.BookTicketRunner -->
    </test> <!-- BookTick -->
    <test name="Registration" duration-ms="67471" started-at="2019-06-10T13:10:17Z" finished-at="2019-06-10T13:11:24Z">
      <class name="com.cucumber.TestRunner.RegistrationRunner">
        <test-method status="PASS" signature="setUpClass()[pri:0, instance:com.cucumber.TestRunner.RegistrationRunner@ae45eb6]" name="setUpClass" is-config="true" duration-ms="78" started-at="2019-06-10T18:40:17Z" finished-at="2019-06-10T18:40:17Z">
          <reporter-output>
            <line>
              <![CDATA[Completed executing following method : AbstractTestNGCucumberTests.setUpClass]]>
            </line>
          </reporter-output>
        </test-method> <!-- setUpClass -->
        <test-method status="PASS" signature="beforeclass()[pri:0, instance:com.cucumber.TestRunner.RegistrationRunner@ae45eb6]" name="beforeclass" is-config="true" duration-ms="31" started-at="2019-06-10T18:40:17Z" finished-at="2019-06-10T18:40:17Z">
          <reporter-output>
            <line>
              <![CDATA[Completed executing following method : RegistrationRunner.beforeclass]]>
            </line>
          </reporter-output>
        </test-method> <!-- beforeclass -->
        <test-method status="PASS" signature="feature(cucumber.api.testng.CucumberFeatureWrapper)[pri:0, instance:com.cucumber.TestRunner.RegistrationRunner@ae45eb6]" name="feature" duration-ms="67206" started-at="2019-06-10T18:40:17Z" description="Runs Cucumber Feature" data-provider="features" finished-at="2019-06-10T18:41:24Z">
          <params>
            <param index="0">
              <value>
                <![CDATA[Spicejet registration]]>
              </value>
            </param>
          </params>
          <reporter-output>
            <line>
              <![CDATA[Completed executing following method : AbstractTestNGCucumberTests.feature]]>
            </line>
            <line>
              <![CDATA[Test Method resides in com.cucumber.TestRunner.RegistrationRunner]]>
            </line>
            <line>
              <![CDATA[Test Method had the following parameters : nullSpicejet registration,]]>
            </line>
            <line>
              <![CDATA[Test Status: Pass]]>
            </line>
          </reporter-output>
        </test-method> <!-- feature -->
        <test-method status="PASS" signature="testDownClass()[pri:0, instance:com.cucumber.TestRunner.RegistrationRunner@ae45eb6]" name="testDownClass" is-config="true" duration-ms="0" started-at="2019-06-10T18:41:24Z" finished-at="2019-06-10T18:41:24Z">
          <reporter-output>
            <line>
              <![CDATA[Completed executing following method : RegistrationRunner.testDownClass]]>
            </line>
          </reporter-output>
        </test-method> <!-- testDownClass -->
        <test-method status="PASS" signature="tearDownClass()[pri:0, instance:com.cucumber.TestRunner.RegistrationRunner@ae45eb6]" name="tearDownClass" is-config="true" duration-ms="156" started-at="2019-06-10T18:41:24Z" finished-at="2019-06-10T18:41:24Z">
          <reporter-output>
            <line>
              <![CDATA[Completed executing following method : AbstractTestNGCucumberTests.tearDownClass]]>
            </line>
          </reporter-output>
        </test-method> <!-- tearDownClass -->
      </class> <!-- com.cucumber.TestRunner.RegistrationRunner -->
    </test> <!-- Registration -->
    <test name="LoginRunner" duration-ms="57644" started-at="2019-06-10T13:11:24Z" finished-at="2019-06-10T13:12:22Z">
      <class name="com.cucumber.TestRunner.LoginRunner">
        <test-method status="PASS" signature="setUpClass()[pri:0, instance:com.cucumber.TestRunner.LoginRunner@1e88b3c]" name="setUpClass" is-config="true" duration-ms="62" started-at="2019-06-10T18:41:24Z" finished-at="2019-06-10T18:41:24Z">
          <reporter-output>
            <line>
              <![CDATA[Completed executing following method : AbstractTestNGCucumberTests.setUpClass]]>
            </line>
          </reporter-output>
        </test-method> <!-- setUpClass -->
        <test-method status="PASS" signature="beforeclass()[pri:0, instance:com.cucumber.TestRunner.LoginRunner@1e88b3c]" name="beforeclass" is-config="true" duration-ms="16" started-at="2019-06-10T18:41:24Z" finished-at="2019-06-10T18:41:24Z">
          <reporter-output>
            <line>
              <![CDATA[Completed executing following method : LoginRunner.beforeclass]]>
            </line>
          </reporter-output>
        </test-method> <!-- beforeclass -->
        <test-method status="PASS" signature="feature(cucumber.api.testng.CucumberFeatureWrapper)[pri:0, instance:com.cucumber.TestRunner.LoginRunner@1e88b3c]" name="feature" duration-ms="57348" started-at="2019-06-10T18:41:24Z" description="Runs Cucumber Feature" data-provider="features" finished-at="2019-06-10T18:42:22Z">
          <params>
            <param index="0">
              <value>
                <![CDATA[Login with Valid Credentials]]>
              </value>
            </param>
          </params>
          <reporter-output>
            <line>
              <![CDATA[Completed executing following method : AbstractTestNGCucumberTests.feature]]>
            </line>
            <line>
              <![CDATA[Test Method resides in com.cucumber.TestRunner.LoginRunner]]>
            </line>
            <line>
              <![CDATA[Test Method had the following parameters : nullLogin with Valid Credentials,]]>
            </line>
            <line>
              <![CDATA[Test Status: Pass]]>
            </line>
          </reporter-output>
        </test-method> <!-- feature -->
        <test-method status="PASS" signature="testDownClass()[pri:0, instance:com.cucumber.TestRunner.LoginRunner@1e88b3c]" name="testDownClass" is-config="true" duration-ms="0" started-at="2019-06-10T18:42:22Z" finished-at="2019-06-10T18:42:22Z">
          <reporter-output>
            <line>
              <![CDATA[Completed executing following method : LoginRunner.testDownClass]]>
            </line>
          </reporter-output>
        </test-method> <!-- testDownClass -->
        <test-method status="PASS" signature="tearDownClass()[pri:0, instance:com.cucumber.TestRunner.LoginRunner@1e88b3c]" name="tearDownClass" is-config="true" duration-ms="203" started-at="2019-06-10T18:42:22Z" finished-at="2019-06-10T18:42:22Z">
          <reporter-output>
            <line>
              <![CDATA[Completed executing following method : AbstractTestNGCucumberTests.tearDownClass]]>
            </line>
          </reporter-output>
        </test-method> <!-- tearDownClass -->
      </class> <!-- com.cucumber.TestRunner.LoginRunner -->
    </test> <!-- LoginRunner -->
  </suite> <!-- Spicejet -->
</testng-results>
