<?xml version="1.0" encoding="UTF-8"?>
<testng-results skipped="0" failed="0" total="2" passed="2">
  <reporter-output>
  </reporter-output>
  <suite name="suite" duration-ms="71297" started-at="2019-04-26T09:57:24Z" finished-at="2019-04-26T09:58:35Z">
    <groups>
      <group name="cucumber">
        <method signature="AbstractTestNGCucumberTests.feature(cucumber.api.testng.CucumberFeatureWrapper)[pri:0, instance:com.cucumber.TestRunner.BookTicket@675d3402]" name="feature" class="cucumber.api.testng.AbstractTestNGCucumberTests"/>
        <method signature="AbstractTestNGCucumberTests.feature(cucumber.api.testng.CucumberFeatureWrapper)[pri:0, instance:com.cucumber.TestRunner.RegistrationRunner@51565ec2]" name="feature" class="cucumber.api.testng.AbstractTestNGCucumberTests"/>
      </group> <!-- cucumber -->
    </groups>
    <test name="test" duration-ms="71297" started-at="2019-04-26T09:57:24Z" finished-at="2019-04-26T09:58:35Z">
      <class name="com.cucumber.TestRunner.RegistrationRunner">
        <test-method status="PASS" signature="setUpClass()[pri:0, instance:com.cucumber.TestRunner.RegistrationRunner@51565ec2]" name="setUpClass" is-config="true" duration-ms="58" started-at="2019-04-26T15:27:56Z" finished-at="2019-04-26T15:27:56Z">
          <reporter-output>
          </reporter-output>
        </test-method> <!-- setUpClass -->
        <test-method status="PASS" signature="beforeclass()[pri:0, instance:com.cucumber.TestRunner.RegistrationRunner@51565ec2]" name="beforeclass" is-config="true" duration-ms="1" started-at="2019-04-26T15:27:56Z" finished-at="2019-04-26T15:27:56Z">
          <reporter-output>
          </reporter-output>
        </test-method> <!-- beforeclass -->
        <test-method status="PASS" signature="feature(cucumber.api.testng.CucumberFeatureWrapper)[pri:0, instance:com.cucumber.TestRunner.RegistrationRunner@51565ec2]" name="feature" duration-ms="39177" started-at="2019-04-26T15:27:56Z" description="Runs Cucumber Feature" data-provider="features" finished-at="2019-04-26T15:28:35Z">
          <params>
            <param index="0">
              <value>
                <![CDATA[Spicejet registration]]>
              </value>
            </param>
          </params>
          <reporter-output>
          </reporter-output>
        </test-method> <!-- feature -->
        <test-method status="PASS" signature="testDownClass()[pri:0, instance:com.cucumber.TestRunner.RegistrationRunner@51565ec2]" name="testDownClass" is-config="true" duration-ms="1" started-at="2019-04-26T15:28:35Z" finished-at="2019-04-26T15:28:35Z">
          <reporter-output>
          </reporter-output>
        </test-method> <!-- testDownClass -->
        <test-method status="PASS" signature="tearDownClass()[pri:0, instance:com.cucumber.TestRunner.RegistrationRunner@51565ec2]" name="tearDownClass" is-config="true" duration-ms="320" started-at="2019-04-26T15:28:35Z" finished-at="2019-04-26T15:28:35Z">
          <reporter-output>
          </reporter-output>
        </test-method> <!-- tearDownClass -->
      </class> <!-- com.cucumber.TestRunner.RegistrationRunner -->
      <class name="com.cucumber.TestRunner.BookTicket">
        <test-method status="PASS" signature="setUpClass()[pri:0, instance:com.cucumber.TestRunner.BookTicket@675d3402]" name="setUpClass" is-config="true" duration-ms="633" started-at="2019-04-26T15:27:24Z" finished-at="2019-04-26T15:27:25Z">
          <reporter-output>
          </reporter-output>
        </test-method> <!-- setUpClass -->
        <test-method status="PASS" signature="beforeclass()[pri:0, instance:com.cucumber.TestRunner.BookTicket@675d3402]" name="beforeclass" is-config="true" duration-ms="36" started-at="2019-04-26T15:27:25Z" finished-at="2019-04-26T15:27:25Z">
          <reporter-output>
          </reporter-output>
        </test-method> <!-- beforeclass -->
        <test-method status="PASS" signature="feature(cucumber.api.testng.CucumberFeatureWrapper)[pri:0, instance:com.cucumber.TestRunner.BookTicket@675d3402]" name="feature" duration-ms="30042" started-at="2019-04-26T15:27:25Z" description="Runs Cucumber Feature" data-provider="features" finished-at="2019-04-26T15:27:55Z">
          <params>
            <param index="0">
              <value>
                <![CDATA[Book your ticket]]>
              </value>
            </param>
          </params>
          <reporter-output>
          </reporter-output>
        </test-method> <!-- feature -->
        <test-method status="PASS" signature="testDownClass()[pri:0, instance:com.cucumber.TestRunner.BookTicket@675d3402]" name="testDownClass" is-config="true" duration-ms="0" started-at="2019-04-26T15:27:55Z" finished-at="2019-04-26T15:27:55Z">
          <reporter-output>
          </reporter-output>
        </test-method> <!-- testDownClass -->
        <test-method status="PASS" signature="tearDownClass()[pri:0, instance:com.cucumber.TestRunner.BookTicket@675d3402]" name="tearDownClass" is-config="true" duration-ms="861" started-at="2019-04-26T15:27:55Z" finished-at="2019-04-26T15:27:56Z">
          <reporter-output>
          </reporter-output>
        </test-method> <!-- tearDownClass -->
      </class> <!-- com.cucumber.TestRunner.BookTicket -->
    </test> <!-- test -->
  </suite> <!-- suite -->
</testng-results>
