<?xml version="1.0" encoding="UTF-8"?>
<testng-results skipped="0" failed="0" total="3" passed="3">
  <reporter-output>
  </reporter-output>
  <suite name="Spicejet" duration-ms="127498" started-at="2019-08-12T09:23:45Z" finished-at="2019-08-12T09:25:53Z">
    <groups>
      <group name="cucumber">
        <method signature="AbstractTestNGCucumberTests.feature(cucumber.api.testng.CucumberFeatureWrapper)[pri:0, instance:com.cucumber.TestRunner.LoginRunner@7c0e2abd]" name="feature" class="cucumber.api.testng.AbstractTestNGCucumberTests"/>
        <method signature="AbstractTestNGCucumberTests.feature(cucumber.api.testng.CucumberFeatureWrapper)[pri:0, instance:com.cucumber.TestRunner.BookTicketRunner@396a51ab]" name="feature" class="cucumber.api.testng.AbstractTestNGCucumberTests"/>
        <method signature="AbstractTestNGCucumberTests.feature(cucumber.api.testng.CucumberFeatureWrapper)[pri:0, instance:com.cucumber.TestRunner.RegistrationRunner@5419f379]" name="feature" class="cucumber.api.testng.AbstractTestNGCucumberTests"/>
      </group> <!-- cucumber -->
    </groups>
    <test name="LoginRunner" duration-ms="47702" started-at="2019-08-12T09:23:45Z" finished-at="2019-08-12T09:24:33Z">
      <class name="com.cucumber.TestRunner.LoginRunner">
        <test-method status="PASS" signature="setUpClass()[pri:0, instance:com.cucumber.TestRunner.LoginRunner@7c0e2abd]" name="setUpClass" is-config="true" duration-ms="633" started-at="2019-08-12T14:53:45Z" finished-at="2019-08-12T14:53:46Z">
          <reporter-output>
          </reporter-output>
        </test-method> <!-- setUpClass -->
        <test-method status="PASS" signature="beforeclass()[pri:0, instance:com.cucumber.TestRunner.LoginRunner@7c0e2abd]" name="beforeclass" is-config="true" duration-ms="201" started-at="2019-08-12T14:53:46Z" finished-at="2019-08-12T14:53:46Z">
          <reporter-output>
          </reporter-output>
        </test-method> <!-- beforeclass -->
        <test-method status="PASS" signature="feature(cucumber.api.testng.CucumberFeatureWrapper)[pri:0, instance:com.cucumber.TestRunner.LoginRunner@7c0e2abd]" name="feature" duration-ms="45809" started-at="2019-08-12T14:53:46Z" description="Runs Cucumber Feature" data-provider="features" finished-at="2019-08-12T14:54:32Z">
          <params>
            <param index="0">
              <value>
                <![CDATA[Login with Valid Credentials]]>
              </value>
            </param>
          </params>
          <reporter-output>
          </reporter-output>
        </test-method> <!-- feature -->
        <test-method status="PASS" signature="tearDownClass()[pri:0, instance:com.cucumber.TestRunner.LoginRunner@7c0e2abd]" name="tearDownClass" is-config="true" duration-ms="903" started-at="2019-08-12T14:54:32Z" finished-at="2019-08-12T14:54:33Z">
          <reporter-output>
          </reporter-output>
        </test-method> <!-- tearDownClass -->
        <test-method status="PASS" signature="testDownClass()[pri:0, instance:com.cucumber.TestRunner.LoginRunner@7c0e2abd]" name="testDownClass" is-config="true" duration-ms="0" started-at="2019-08-12T14:54:32Z" finished-at="2019-08-12T14:54:32Z">
          <reporter-output>
          </reporter-output>
        </test-method> <!-- testDownClass -->
      </class> <!-- com.cucumber.TestRunner.LoginRunner -->
    </test> <!-- LoginRunner -->
    <test name="BookTick" duration-ms="18683" started-at="2019-08-12T09:24:33Z" finished-at="2019-08-12T09:24:52Z">
      <class name="com.cucumber.TestRunner.BookTicketRunner">
        <test-method status="PASS" signature="setUpClass()[pri:0, instance:com.cucumber.TestRunner.BookTicketRunner@396a51ab]" name="setUpClass" is-config="true" duration-ms="54" started-at="2019-08-12T14:54:33Z" finished-at="2019-08-12T14:54:33Z">
          <reporter-output>
          </reporter-output>
        </test-method> <!-- setUpClass -->
        <test-method status="PASS" signature="beforeclass()[pri:0, instance:com.cucumber.TestRunner.BookTicketRunner@396a51ab]" name="beforeclass" is-config="true" duration-ms="15" started-at="2019-08-12T14:54:33Z" finished-at="2019-08-12T14:54:33Z">
          <reporter-output>
          </reporter-output>
        </test-method> <!-- beforeclass -->
        <test-method status="PASS" signature="feature(cucumber.api.testng.CucumberFeatureWrapper)[pri:0, instance:com.cucumber.TestRunner.BookTicketRunner@396a51ab]" name="feature" duration-ms="18498" started-at="2019-08-12T14:54:33Z" description="Runs Cucumber Feature" data-provider="features" finished-at="2019-08-12T14:54:52Z">
          <params>
            <param index="0">
              <value>
                <![CDATA[Book your ticket]]>
              </value>
            </param>
          </params>
          <reporter-output>
          </reporter-output>
        </test-method> <!-- feature -->
        <test-method status="PASS" signature="testDownClass()[pri:0, instance:com.cucumber.TestRunner.BookTicketRunner@396a51ab]" name="testDownClass" is-config="true" duration-ms="0" started-at="2019-08-12T14:54:52Z" finished-at="2019-08-12T14:54:52Z">
          <reporter-output>
          </reporter-output>
        </test-method> <!-- testDownClass -->
        <test-method status="PASS" signature="tearDownClass()[pri:0, instance:com.cucumber.TestRunner.BookTicketRunner@396a51ab]" name="tearDownClass" is-config="true" duration-ms="116" started-at="2019-08-12T14:54:52Z" finished-at="2019-08-12T14:54:52Z">
          <reporter-output>
          </reporter-output>
        </test-method> <!-- tearDownClass -->
      </class> <!-- com.cucumber.TestRunner.BookTicketRunner -->
    </test> <!-- BookTick -->
    <test name="Registration" duration-ms="60946" started-at="2019-08-12T09:24:52Z" finished-at="2019-08-12T09:25:53Z">
      <class name="com.cucumber.TestRunner.RegistrationRunner">
        <test-method status="PASS" signature="setUpClass()[pri:0, instance:com.cucumber.TestRunner.RegistrationRunner@5419f379]" name="setUpClass" is-config="true" duration-ms="19" started-at="2019-08-12T14:54:52Z" finished-at="2019-08-12T14:54:52Z">
          <reporter-output>
          </reporter-output>
        </test-method> <!-- setUpClass -->
        <test-method status="PASS" signature="beforeclass()[pri:0, instance:com.cucumber.TestRunner.RegistrationRunner@5419f379]" name="beforeclass" is-config="true" duration-ms="16" started-at="2019-08-12T14:54:52Z" finished-at="2019-08-12T14:54:52Z">
          <reporter-output>
          </reporter-output>
        </test-method> <!-- beforeclass -->
        <test-method status="PASS" signature="feature(cucumber.api.testng.CucumberFeatureWrapper)[pri:0, instance:com.cucumber.TestRunner.RegistrationRunner@5419f379]" name="feature" duration-ms="60695" started-at="2019-08-12T14:54:52Z" description="Runs Cucumber Feature" data-provider="features" finished-at="2019-08-12T14:55:53Z">
          <params>
            <param index="0">
              <value>
                <![CDATA[Spicejet registration]]>
              </value>
            </param>
          </params>
          <reporter-output>
          </reporter-output>
        </test-method> <!-- feature -->
        <test-method status="PASS" signature="testDownClass()[pri:0, instance:com.cucumber.TestRunner.RegistrationRunner@5419f379]" name="testDownClass" is-config="true" duration-ms="0" started-at="2019-08-12T14:55:53Z" finished-at="2019-08-12T14:55:53Z">
          <reporter-output>
          </reporter-output>
        </test-method> <!-- testDownClass -->
        <test-method status="PASS" signature="tearDownClass()[pri:0, instance:com.cucumber.TestRunner.RegistrationRunner@5419f379]" name="tearDownClass" is-config="true" duration-ms="200" started-at="2019-08-12T14:55:53Z" finished-at="2019-08-12T14:55:53Z">
          <reporter-output>
          </reporter-output>
        </test-method> <!-- tearDownClass -->
      </class> <!-- com.cucumber.TestRunner.RegistrationRunner -->
    </test> <!-- Registration -->
  </suite> <!-- Spicejet -->
</testng-results>
