<?xml version="1.0" encoding="UTF-8"?>
<testng-results skipped="0" failed="0" total="1" passed="1">
  <reporter-output>
  </reporter-output>
  <suite name="Default suite" duration-ms="91688" started-at="2019-05-21T07:32:10Z" finished-at="2019-05-21T07:33:42Z">
    <groups>
      <group name="cucumber">
        <method signature="AbstractTestNGCucumberTests.feature(cucumber.api.testng.CucumberFeatureWrapper)[pri:0, instance:com.cucumber.TestRunner.RegistrationRunner@dc24521]" name="feature" class="cucumber.api.testng.AbstractTestNGCucumberTests"/>
      </group> <!-- cucumber -->
    </groups>
    <test name="Default test" duration-ms="91688" started-at="2019-05-21T07:32:10Z" finished-at="2019-05-21T07:33:42Z">
      <class name="com.cucumber.TestRunner.RegistrationRunner">
        <test-method status="PASS" signature="setUpClass()[pri:0, instance:com.cucumber.TestRunner.RegistrationRunner@dc24521]" name="setUpClass" is-config="true" duration-ms="532" started-at="2019-05-21T13:02:10Z" finished-at="2019-05-21T13:02:10Z">
          <reporter-output>
          </reporter-output>
        </test-method> <!-- setUpClass -->
        <test-method status="PASS" signature="beforeclass()[pri:0, instance:com.cucumber.TestRunner.RegistrationRunner@dc24521]" name="beforeclass" is-config="true" duration-ms="163" started-at="2019-05-21T13:02:10Z" finished-at="2019-05-21T13:02:11Z">
          <reporter-output>
          </reporter-output>
        </test-method> <!-- beforeclass -->
        <test-method status="PASS" signature="feature(cucumber.api.testng.CucumberFeatureWrapper)[pri:0, instance:com.cucumber.TestRunner.RegistrationRunner@dc24521]" name="feature" duration-ms="89109" started-at="2019-05-21T13:02:11Z" description="Runs Cucumber Feature" data-provider="features" finished-at="2019-05-21T13:03:40Z">
          <params>
            <param index="0">
              <value>
                <![CDATA[Spicejet registration]]>
              </value>
            </param>
          </params>
          <reporter-output>
          </reporter-output>
        </test-method> <!-- feature -->
        <test-method status="PASS" signature="testDownClass()[pri:0, instance:com.cucumber.TestRunner.RegistrationRunner@dc24521]" name="testDownClass" is-config="true" duration-ms="4" started-at="2019-05-21T13:03:40Z" finished-at="2019-05-21T13:03:40Z">
          <reporter-output>
          </reporter-output>
        </test-method> <!-- testDownClass -->
        <test-method status="PASS" signature="tearDownClass()[pri:0, instance:com.cucumber.TestRunner.RegistrationRunner@dc24521]" name="tearDownClass" is-config="true" duration-ms="1671" started-at="2019-05-21T13:03:40Z" finished-at="2019-05-21T13:03:42Z">
          <reporter-output>
          </reporter-output>
        </test-method> <!-- tearDownClass -->
      </class> <!-- com.cucumber.TestRunner.RegistrationRunner -->
    </test> <!-- Default test -->
  </suite> <!-- Default suite -->
</testng-results>
