<?xml version="1.0" encoding="UTF-8"?>
<testng-results skipped="0" failed="0" total="1" passed="1">
  <reporter-output>
  </reporter-output>
  <suite name="Default suite" duration-ms="29621" started-at="2019-04-26T06:33:11Z" finished-at="2019-04-26T06:33:40Z">
    <groups>
      <group name="cucumber">
        <method signature="AbstractTestNGCucumberTests.feature(cucumber.api.testng.CucumberFeatureWrapper)[pri:0, instance:com.cucumber.TestRunner.BookTicket@73846619]" name="feature" class="cucumber.api.testng.AbstractTestNGCucumberTests"/>
      </group> <!-- cucumber -->
    </groups>
    <test name="Default test" duration-ms="29621" started-at="2019-04-26T06:33:11Z" finished-at="2019-04-26T06:33:40Z">
      <class name="com.cucumber.TestRunner.BookTicket">
        <test-method status="PASS" signature="setUpClass()[pri:0, instance:com.cucumber.TestRunner.BookTicket@73846619]" name="setUpClass" is-config="true" duration-ms="484" started-at="2019-04-26T12:03:11Z" finished-at="2019-04-26T12:03:11Z">
          <reporter-output>
          </reporter-output>
        </test-method> <!-- setUpClass -->
        <test-method status="PASS" signature="beforeclass()[pri:0, instance:com.cucumber.TestRunner.BookTicket@73846619]" name="beforeclass" is-config="true" duration-ms="21" started-at="2019-04-26T12:03:11Z" finished-at="2019-04-26T12:03:11Z">
          <reporter-output>
          </reporter-output>
        </test-method> <!-- beforeclass -->
        <test-method status="PASS" signature="feature(cucumber.api.testng.CucumberFeatureWrapper)[pri:0, instance:com.cucumber.TestRunner.BookTicket@73846619]" name="feature" duration-ms="28123" started-at="2019-04-26T12:03:11Z" description="Runs Cucumber Feature" data-provider="features" finished-at="2019-04-26T12:03:40Z">
          <params>
            <param index="0">
              <value>
                <![CDATA[Book your ticket]]>
              </value>
            </param>
          </params>
          <reporter-output>
          </reporter-output>
        </test-method> <!-- feature -->
        <test-method status="PASS" signature="testDownClass()[pri:0, instance:com.cucumber.TestRunner.BookTicket@73846619]" name="testDownClass" is-config="true" duration-ms="8" started-at="2019-04-26T12:03:40Z" finished-at="2019-04-26T12:03:40Z">
          <reporter-output>
          </reporter-output>
        </test-method> <!-- testDownClass -->
        <test-method status="PASS" signature="tearDownClass()[pri:0, instance:com.cucumber.TestRunner.BookTicket@73846619]" name="tearDownClass" is-config="true" duration-ms="859" started-at="2019-04-26T12:03:40Z" finished-at="2019-04-26T12:03:40Z">
          <reporter-output>
          </reporter-output>
        </test-method> <!-- tearDownClass -->
      </class> <!-- com.cucumber.TestRunner.BookTicket -->
    </test> <!-- Default test -->
  </suite> <!-- Default suite -->
</testng-results>
