<?xml version="1.0" encoding="UTF-8"?>
<testng-results skipped="0" failed="0" total="1" passed="1">
  <reporter-output>
  </reporter-output>
  <suite name="Default suite" duration-ms="30572" started-at="2019-11-09T10:19:30Z" finished-at="2019-11-09T10:20:00Z">
    <groups>
      <group name="cucumber">
        <method signature="AbstractTestNGCucumberTests.feature(cucumber.api.testng.CucumberFeatureWrapper)[pri:0, instance:com.cucumber.TestRunner.BookTicketRunner@ff5b51f]" name="feature" class="cucumber.api.testng.AbstractTestNGCucumberTests"/>
      </group> <!-- cucumber -->
    </groups>
    <test name="Default test" duration-ms="30572" started-at="2019-11-09T10:19:30Z" finished-at="2019-11-09T10:20:00Z">
      <class name="com.cucumber.TestRunner.BookTicketRunner">
        <test-method status="PASS" signature="setUpClass()[pri:0, instance:com.cucumber.TestRunner.BookTicketRunner@ff5b51f]" name="setUpClass" is-config="true" duration-ms="528" started-at="2019-11-09T15:49:30Z" finished-at="2019-11-09T15:49:30Z">
          <reporter-output>
          </reporter-output>
        </test-method> <!-- setUpClass -->
        <test-method status="PASS" signature="beforeclass()[pri:0, instance:com.cucumber.TestRunner.BookTicketRunner@ff5b51f]" name="beforeclass" is-config="true" duration-ms="90" started-at="2019-11-09T15:49:30Z" finished-at="2019-11-09T15:49:30Z">
          <reporter-output>
          </reporter-output>
        </test-method> <!-- beforeclass -->
        <test-method status="PASS" signature="feature(cucumber.api.testng.CucumberFeatureWrapper)[pri:0, instance:com.cucumber.TestRunner.BookTicketRunner@ff5b51f]" name="feature" duration-ms="28096" started-at="2019-11-09T15:49:30Z" description="Runs Cucumber Feature" data-provider="features" finished-at="2019-11-09T15:49:58Z">
          <params>
            <param index="0">
              <value>
                <![CDATA[Book your ticket]]>
              </value>
            </param>
          </params>
          <reporter-output>
          </reporter-output>
        </test-method> <!-- feature -->
        <test-method status="PASS" signature="testDownClass()[pri:0, instance:com.cucumber.TestRunner.BookTicketRunner@ff5b51f]" name="testDownClass" is-config="true" duration-ms="4" started-at="2019-11-09T15:49:58Z" finished-at="2019-11-09T15:49:58Z">
          <reporter-output>
          </reporter-output>
        </test-method> <!-- testDownClass -->
        <test-method status="PASS" signature="tearDownClass()[pri:0, instance:com.cucumber.TestRunner.BookTicketRunner@ff5b51f]" name="tearDownClass" is-config="true" duration-ms="1728" started-at="2019-11-09T15:49:58Z" finished-at="2019-11-09T15:50:00Z">
          <reporter-output>
          </reporter-output>
        </test-method> <!-- tearDownClass -->
      </class> <!-- com.cucumber.TestRunner.BookTicketRunner -->
    </test> <!-- Default test -->
  </suite> <!-- Default suite -->
</testng-results>
