<?xml version="1.0" encoding="UTF-8"?>
<!-- Generated by org.testng.reporters.JUnitXMLReporter -->
<testsuite hostname="LP-5CD7465GP0" name="Registration" tests="3" failures="0" timestamp="6 Nov 2019 05:11:22 GMT" time="98.426" errors="0">
  <testcase name="feature" time="20.965" classname="com.cucumber.TestRunner.RegistrationRunner"/>
  <testcase name="feature" time="42.209" classname="com.cucumber.TestRunner.RegistrationRunner"/>
  <testcase name="feature" time="34.971" classname="com.cucumber.TestRunner.RegistrationRunner"/>
</testsuite> <!-- Registration -->
